\BOOKMARK [0][-]{chapter.1}{\376\377\0001\000.\000\040\000B\000e\000v\000e\000z\000e\000t\001\121}{}% 1
\BOOKMARK [0][-]{chapter.2}{\376\377\0002\000.\000\040\000M\000e\000g\000k\000\366\000z\000e\000l\000\355\000t\000\351\000s\000e\000k}{}% 2
\BOOKMARK [1][-]{section.2.1}{\376\377\0002\000.\0001\000.\000\040\000A\000n\000a\000l\000\355\000z\000i\000s\000s\000z\000i\000n\000t\001\161\000\040\000g\000o\000n\000d\000o\000l\000k\000o\000d\000\341\000s}{chapter.2}% 3
\BOOKMARK [1][-]{section.2.2}{\376\377\0002\000.\0002\000.\000\040\000T\000e\000r\000v\000e\000z\000\351\000s\000s\000z\000i\000n\000t\001\161\000\040\000g\000o\000n\000d\000o\000l\000k\000o\000d\000\341\000s}{chapter.2}% 4
\BOOKMARK [0][-]{chapter.3}{\376\377\0003\000.\000\040\000K\000\351\000p\000e\000s\000s\000\351\000g\000e\000k}{}% 5
\BOOKMARK [1][-]{section.3.1}{\376\377\0003\000.\0001\000.\000\040\000H\000a\000s\000o\000n\000l\000\363\000s\000\341\000g\000\040\000a\000\040\000s\000z\000e\000k\000v\000e\000n\000c\000i\000\341\000l\000i\000s\000\040\000n\000y\000e\000l\000v\000e\000k\000k\000e\000l}{chapter.3}% 6
\BOOKMARK [1][-]{section.3.2}{\376\377\0003\000.\0002\000.\000\040\000O\000b\000j\000e\000k\000t\000u\000m\000o\000k\000\040\000\351\000s\000\040\000o\000s\000z\000t\000\341\000l\000y\000o\000k}{chapter.3}% 7
\BOOKMARK [1][-]{section.3.3}{\376\377\0003\000.\0003\000.\000\040\000O\000s\000z\000t\000\341\000l\000y\000\040\000a\000l\000a\000p\000\372\000\040\000\351\000s\000\040\000p\000r\000o\000t\000o\000t\000\355\000p\000u\000s\000\040\000a\000l\000a\000p\000\372}{chapter.3}% 8
\BOOKMARK [1][-]{section.3.4}{\376\377\0003\000.\0004\000.\000\040\000D\000i\000n\000a\000m\000i\000k\000u\000s\000\040\000k\000\366\000t\000\351\000s\000\040\000\351\000s\000\040\000\374\000z\000e\000n\000e\000t\000\341\000t\000a\000d\000\341\000s}{chapter.3}% 9
\BOOKMARK [1][-]{section.3.5}{\376\377\0003\000.\0005\000.\000\040\000E\000g\000y\000s\000\351\000g\000b\000e\000\040\000z\000\341\000r\000\341\000s}{chapter.3}% 10
\BOOKMARK [1][-]{section.3.6}{\376\377\0003\000.\0006\000.\000\040\000K\000o\000m\000p\000o\000z\000\355\000c\000i\000\363\000,\000\040\000\366\000r\000\366\000k\000l\001\121\000d\000\351\000s\000\040\000\351\000s\000\040\000d\000e\000l\000e\000g\000\341\000c\000i\000\363}{chapter.3}% 11
\BOOKMARK [1][-]{section.3.7}{\376\377\0003\000.\0007\000.\000\040\000I\000n\000t\000e\000r\000f\000\351\000s\000z\000e\000k}{chapter.3}% 12
\BOOKMARK [0][-]{chapter.4}{\376\377\0004\000.\000\040\000K\000\363\000d\000p\000\351\000l\000d\000\341\000k}{}% 13
\BOOKMARK [1][-]{section.4.1}{\376\377\0004\000.\0001\000.\000\040\000O\000s\000z\000t\000\341\000l\000y\000d\000e\000f\000i\000n\000\355\000c\000i\000\363}{chapter.4}% 14
\BOOKMARK [1][-]{section.4.2}{\376\377\0004\000.\0002\000.\000\040\000\326\000r\000\366\000k\000l\001\121\000d\000\351\000s}{chapter.4}% 15
\BOOKMARK [1][-]{section.4.3}{\376\377\0004\000.\0003\000.\000\040\000A\000b\000s\000z\000t\000r\000a\000k\000t\000\040\000o\000s\000z\000t\000\341\000l\000y\000o\000k}{chapter.4}% 16
\BOOKMARK [1][-]{section.4.4}{\376\377\0004\000.\0004\000.\000\040\000I\000n\000t\000e\000r\000f\000\351\000s\000z\000e\000k}{chapter.4}% 17
\BOOKMARK [0][-]{chapter.5}{\376\377\0005\000.\000\040\000N\000y\000e\000l\000v\000e\000k}{}% 18
\BOOKMARK [1][-]{section.5.1}{\376\377\0005\000.\0001\000.\000\040\000D\000i\000n\000a\000m\000i\000k\000u\000s\000\040\000n\000y\000e\000l\000v\000e\000k}{chapter.5}% 19
\BOOKMARK [1][-]{section.5.2}{\376\377\0005\000.\0002\000.\000\040\000H\000\341\000l\000\363\000z\000a\000t\000i\000\040\000k\000o\000m\000m\000u\000n\000i\000k\000\341\000c\000i\000\363}{chapter.5}% 20
\BOOKMARK [0][-]{chapter.6}{\376\377\0006\000.\000\040\000T\000e\000r\000v\000e\000z\000\351\000s\000i\000\040\000m\000i\000n\000t\000\341\000k}{}% 21
\BOOKMARK [1][-]{section.6.1}{\376\377\0006\000.\0001\000.\000\040\000A\000l\000t\000\355\000p\000u\000s\000o\000s\000\040\000p\000o\000l\000i\000m\000o\000r\000f\000i\000z\000m\000u\000s\000\040\000\351\000s\000\040\000v\000i\000s\000e\000l\000k\000e\000d\000\351\000s\000b\000e\000l\000i\000\040\000a\000l\000t\000\355\000p\000u\000s\000o\000s\000s\000\341\000g}{chapter.6}% 22
\BOOKMARK [1][-]{section.6.2}{\376\377\0006\000.\0002\000.\000\040\000N\000\351\000g\000y\000e\000k\000\040\000b\000a\000n\000d\000\341\000j\000a\000\040\000t\000e\000r\000v\000m\000i\000n\000t\000\341\000k}{chapter.6}% 23
\BOOKMARK [1][-]{section.6.3}{\376\377\0006\000.\0003\000.\000\040\000O\000b\000j\000e\000k\000t\000u\000m\000o\000r\000i\000e\000n\000t\000\341\000c\000i\000\363\000\040\000\351\000s\000\040\000a\000d\000a\000t\000b\000\341\000z\000i\000s\000o\000k}{chapter.6}% 24
\BOOKMARK [1][-]{section.6.4}{\376\377\0006\000.\0004\000.\000\040\000K\000a\000p\000c\000s\000o\000l\000a\000t\000\040\000a\000\040\000v\000a\000l\000\363\000s\000\341\000g\000\040\000m\000o\000d\000e\000l\000l\000e\000z\000\351\000s\000\351\000v\000e}{chapter.6}% 25
\BOOKMARK [1][-]{section.6.5}{\376\377\0006\000.\0005\000.\000\040\000V\000e\000z\000\351\000r\000l\000\351\000s\000i\000\040\000f\000o\000l\000y\000a\000m}{chapter.6}% 26
\BOOKMARK [1][-]{section.6.6}{\376\377\0006\000.\0006\000.\000\040\000F\000e\000l\000e\000l\001\121\000s\000s\000\351\000g\000-\000,\000\040\000i\000l\000l\000e\000t\000v\000e\000\040\000a\000d\000a\000t\000v\000e\000z\000\351\000r\000e\000l\000t\000\040\000p\000r\000o\000g\000r\000a\000m\000o\000z\000\341\000s}{chapter.6}% 27
\BOOKMARK [1][-]{section.6.7}{\376\377\0006\000.\0007\000.\000\040\000S\000O\000L\000I\000D\000\040\000a\000l\000a\000p\000e\000l\000v\000e\000k\000\040\000\351\000s\000\040\000G\000R\000A\000S\000P\000\040\000m\000i\000n\000t\000\341\000k}{chapter.6}% 28
\BOOKMARK [0][-]{chapter.7}{\376\377\0007\000.\000\040\000F\000o\000r\000m\000\341\000l\000i\000s\000\040\000s\000z\000e\000m\000a\000n\000t\000i\000k\000\341\000j\000a}{}% 29
\BOOKMARK [0][-]{chapter.8}{\376\377\0008\000.\000\040\000T\000\366\000r\000t\000\351\000n\000e\000t\000e}{}% 30
\BOOKMARK [1][-]{section.8.1}{\376\377\0008\000.\0001\000.\000\040\000K\000e\000z\000d\000e\000t\000e\000i}{chapter.8}% 31
\BOOKMARK [1][-]{section.8.2}{\376\377\0008\000.\0002\000.\000\040\000A\000z\000\040\000e\000l\000s\001\121\000\040\000o\000b\000j\000e\000k\000t\000u\000m\000o\000r\000i\000e\000n\000t\000\341\000l\000t\000\040\000n\000y\000e\000l\000v\000e\000k}{chapter.8}% 32
\BOOKMARK [2][-]{subsection.8.2.1}{\376\377\0008\000.\0002\000.\0001\000.\000\040\000S\000i\000m\000u\000l\000a}{section.8.2}% 33
\BOOKMARK [2][-]{subsection.8.2.2}{\376\377\0008\000.\0002\000.\0002\000.\000\040\000M\000\341\000s\000\040\000k\000o\000r\000a\000i\000\040\000p\000r\000o\000g\000r\000a\000m\000o\000z\000\341\000s\000i\000\040\000n\000y\000e\000l\000v\000e\000k}{section.8.2}% 34
\BOOKMARK [1][-]{section.8.3}{\376\377\0008\000.\0003\000.\000\040\000T\000o\000v\000\341\000b\000b\000i\000\040\000p\000r\000o\000g\000r\000a\000m\000o\000z\000\341\000s\000i\000\040\000n\000y\000e\000l\000v\000e\000k}{chapter.8}% 35
\BOOKMARK [0][-]{chapter.9}{\376\377\0009\000.\000\040\000I\000r\000o\000d\000a\000l\000o\000m}{}% 36
